<?xml version="1.0" encoding="UTF-8"?>
<!-- Generated by org.testng.reporters.JUnitReportReporter -->
<testsuite hostname="DevRabbits-Mac-mini.local" failures="0" tests="3" name="mobile.mobildemo.iosdemo.mobilepageclasses.test" time="0.037" errors="0" timestamp="18 Jul 2018 05:55:34 GMT" skipped="0">
  <testcase classname="mobile.mobildemo.iosdemo.mobilepageclasses.test" name="test1" time="0.014"/>
  <testcase classname="mobile.mobildemo.iosdemo.mobilepageclasses.test" name="testCase2" time="0.008"/>
  <testcase classname="mobile.mobildemo.iosdemo.mobilepageclasses.test" name="testCase1" time="0.015"/>
</testsuite> <!-- mobile.mobildemo.iosdemo.mobilepageclasses.test -->
