<?xml version="1.0" encoding="UTF-8"?>
<!-- Generated by org.testng.reporters.JUnitReportReporter -->
<testsuite skipped="0" hostname="SomaSekhar-PC" name="web.demoproject.demomodule.webtestclasses.TC_Demo_001" tests="1" failures="0" timestamp="22 Jun 2018 07:25:15 GMT" time="24.587" errors="0">
  <testcase name="screensTest" time="24.587" classname="web.demoproject.demomodule.webtestclasses.TC_Demo_001"/>
</testsuite> <!-- web.demoproject.demomodule.webtestclasses.TC_Demo_001 -->
