<?xml version="1.0" encoding="UTF-8"?>
<!-- Generated by org.testng.reporters.JUnitReportReporter -->
<testsuite skipped="0" hostname="SomaSekhar-PC" name="mobile.demoproject.androiddemo.mobiletestclasses.TC_Legion_Test_001" tests="1" failures="0" timestamp="07 Jun 2018 06:40:01 GMT" time="271.007" errors="0">
  <testcase name="screensTest" time="271.007" classname="mobile.demoproject.androiddemo.mobiletestclasses.TC_Legion_Test_001"/>
</testsuite> <!-- mobile.demoproject.androiddemo.mobiletestclasses.TC_Legion_Test_001 -->
