<?xml version="1.0" encoding="UTF-8"?>
<!-- Generated by org.testng.reporters.JUnitReportReporter -->
<testsuite hostname="DevRabbits-Mac-mini.local" failures="0" tests="1" name="mobile.mobiledemo.iosdemo.mobiletestclasses.TC_DemoiOS_001" time="58.163" errors="0" timestamp="18 Jul 2018 11:05:40 GMT" skipped="0">
  <testcase classname="mobile.mobiledemo.iosdemo.mobiletestclasses.TC_DemoiOS_001" name="screensTest" time="58.163"/>
</testsuite> <!-- mobile.mobiledemo.iosdemo.mobiletestclasses.TC_DemoiOS_001 -->
