<?xml version="1.0" encoding="UTF-8"?>
<!-- Generated by org.testng.reporters.JUnitReportReporter -->
<testsuite hostname="DevRabbits-Mac-mini.local" failures="0" tests="1" name="mobile.mobiledemo.mobiletest.mobiletestclasses.TC_Noti_Test" time="44.970" errors="0" timestamp="06 Jul 2018 08:58:53 GMT" skipped="0">
  <testcase classname="mobile.mobiledemo.mobiletest.mobiletestclasses.TC_Noti_Test" name="screensTest" time="44.970"/>
</testsuite> <!-- mobile.mobiledemo.mobiletest.mobiletestclasses.TC_Noti_Test -->
