<?xml version="1.0" encoding="UTF-8"?>
<!-- Generated by org.testng.reporters.JUnitReportReporter -->
<testsuite hostname="DevRabbits-Mac-mini.local" failures="0" tests="1" name="web.demoproject.testingmodule.webtestclasses.Dwdwqd" time="19.318" errors="0" timestamp="11 Jul 2018 13:04:02 GMT" skipped="0">
  <testcase classname="web.demoproject.testingmodule.webtestclasses.Dwdwqd" name="screensTest" time="19.318"/>
</testsuite> <!-- web.demoproject.testingmodule.webtestclasses.Dwdwqd -->
