<?xml version="1.0" encoding="UTF-8"?>
<!-- Generated by org.testng.reporters.JUnitReportReporter -->
<testsuite skipped="0" hostname="SomaSekhar-PC" name="mobile.demoproject.androiddemo.mobiletestclasses.TC_LegionTest_001" tests="1" failures="0" timestamp="07 Jun 2018 07:10:27 GMT" time="176.350" errors="0">
  <testcase name="screensTest" time="176.350" classname="mobile.demoproject.androiddemo.mobiletestclasses.TC_LegionTest_001"/>
</testsuite> <!-- mobile.demoproject.androiddemo.mobiletestclasses.TC_LegionTest_001 -->
