<?xml version="1.0" encoding="UTF-8"?>
<!-- Generated by org.testng.reporters.JUnitReportReporter -->
<testsuite hostname="DevRabbits-Mac-mini.local" failures="0" tests="1" name="mobile.mobiledemo.androidmodule.mobiletestclasses.TC_LegionTest" time="389.923" errors="0" timestamp="13 Jul 2018 10:55:28 GMT" skipped="0">
  <testcase classname="mobile.mobiledemo.androidmodule.mobiletestclasses.TC_LegionTest" name="screensTest" time="389.923"/>
</testsuite> <!-- mobile.mobiledemo.androidmodule.mobiletestclasses.TC_LegionTest -->
