<?xml version="1.0" encoding="UTF-8"?>
<!-- Generated by org.testng.reporters.JUnitReportReporter -->
<testsuite skipped="0" hostname="SomaSekhar-PC" name="mobile.mobiledemo.androiddemo.mobiletestclasses.TC_AndroidDemo" tests="1" failures="0" timestamp="25 Jun 2018 10:53:17 GMT" time="197.346" errors="0">
  <testcase name="screensTest" time="197.346" classname="mobile.mobiledemo.androiddemo.mobiletestclasses.TC_AndroidDemo"/>
</testsuite> <!-- mobile.mobiledemo.androiddemo.mobiletestclasses.TC_AndroidDemo -->
