<?xml version="1.0" encoding="UTF-8"?>
<!-- Generated by org.testng.reporters.JUnitReportReporter -->
<testsuite hostname="DevRabbits-Mac-mini.local" failures="0" tests="1" name="mobile.mobiledemo.testmodule.mobiletestclasses.TC_TestMobile" time="91.890" errors="0" timestamp="10 Jul 2018 13:05:10 GMT" skipped="0">
  <testcase classname="mobile.mobiledemo.testmodule.mobiletestclasses.TC_TestMobile" name="screensTest" time="91.890"/>
</testsuite> <!-- mobile.mobiledemo.testmodule.mobiletestclasses.TC_TestMobile -->
