<?xml version="1.0" encoding="UTF-8"?>
<!-- Generated by org.testng.reporters.JUnitReportReporter -->
<testsuite skipped="0" hostname="SomaSekhar-PC" name="web.cmgprojects.demo.webtestclasses.HFT_TC_001" tests="1" failures="0" timestamp="17 Dec 2018 10:04:24 GMT" time="138.217" errors="0">
  <testcase name="screensTest" time="138.217" classname="web.cmgprojects.demo.webtestclasses.HFT_TC_001"/>
</testsuite> <!-- web.cmgprojects.demo.webtestclasses.HFT_TC_001 -->
