<?xml version="1.0" encoding="UTF-8"?>
<!-- Generated by org.testng.reporters.JUnitReportReporter -->
<testsuite hostname="DevRabbits-Mac-mini.local" failures="0" tests="1" name="mobile.mobiledemo.testmodule.mobiletestclasses.TC_NotifiiTest" time="48.190" errors="0" timestamp="09 Jul 2018 08:19:13 GMT" skipped="0">
  <testcase classname="mobile.mobiledemo.testmodule.mobiletestclasses.TC_NotifiiTest" name="screensTest" time="48.190"/>
</testsuite> <!-- mobile.mobiledemo.testmodule.mobiletestclasses.TC_NotifiiTest -->
